This is pdfTeX, Version 3.1415926-1.40.10 (TeX Live/MacPorts 2009_2) (format=pdflatex 2010.7.2)  30 JUN 2014 14:42
entering extended mode
 %&-line parsing enabled.
**counting-5.tex
(./counting-5.tex
LaTeX2e <2009/09/24>
Babel <v3.8l> and hyphenation patterns for english, usenglishmax, dumylang, noh
yphenation, loaded.
(/opt/local/share/texmf-texlive-dist/tex/latex/base/article.cls
Document Class: article 2007/10/19 v1.4h Standard LaTeX document class
(/opt/local/share/texmf-texlive-dist/tex/latex/base/size12.clo
File: size12.clo 2007/10/19 v1.4h Standard LaTeX file (size option)
)
\c@part=\count79
\c@section=\count80
\c@subsection=\count81
\c@subsubsection=\count82
\c@paragraph=\count83
\c@subparagraph=\count84
\c@figure=\count85
\c@table=\count86
\abovecaptionskip=\skip41
\belowcaptionskip=\skip42
\bibindent=\dimen102
)
(/opt/local/share/texmf-texlive-dist/tex/latex/amsfonts/amssymb.sty
Package: amssymb 2009/06/22 v3.00

(/opt/local/share/texmf-texlive-dist/tex/latex/amsfonts/amsfonts.sty
Package: amsfonts 2009/06/22 v3.00 Basic AMSFonts support
\@emptytoks=\toks14
\symAMSa=\mathgroup4
\symAMSb=\mathgroup5
LaTeX Font Info:    Overwriting math alphabet `\mathfrak' in version `bold'
(Font)                  U/euf/m/n --> U/euf/b/n on input line 96.
))
(/opt/local/share/texmf-texlive-dist/tex/latex/amsmath/amsmath.sty
Package: amsmath 2000/07/18 v2.13 AMS math features
\@mathmargin=\skip43

For additional information on amsmath, use the `?' option.
(/opt/local/share/texmf-texlive-dist/tex/latex/amsmath/amstext.sty
Package: amstext 2000/06/29 v2.01

(/opt/local/share/texmf-texlive-dist/tex/latex/amsmath/amsgen.sty
File: amsgen.sty 1999/11/30 v2.0
\@emptytoks=\toks15
\ex@=\dimen103
))
(/opt/local/share/texmf-texlive-dist/tex/latex/amsmath/amsbsy.sty
Package: amsbsy 1999/11/29 v1.2d
\pmbraise@=\dimen104
)
(/opt/local/share/texmf-texlive-dist/tex/latex/amsmath/amsopn.sty
Package: amsopn 1999/12/14 v2.01 operator names
)
\inf@bad=\count87
LaTeX Info: Redefining \frac on input line 211.
\uproot@=\count88
\leftroot@=\count89
LaTeX Info: Redefining \overline on input line 307.
\classnum@=\count90
\DOTSCASE@=\count91
LaTeX Info: Redefining \ldots on input line 379.
LaTeX Info: Redefining \dots on input line 382.
LaTeX Info: Redefining \cdots on input line 467.
\Mathstrutbox@=\box26
\strutbox@=\box27
\big@size=\dimen105
LaTeX Font Info:    Redeclaring font encoding OML on input line 567.
LaTeX Font Info:    Redeclaring font encoding OMS on input line 568.
\macc@depth=\count92
\c@MaxMatrixCols=\count93
\dotsspace@=\muskip10
\c@parentequation=\count94
\dspbrk@lvl=\count95
\tag@help=\toks16
\row@=\count96
\column@=\count97
\maxfields@=\count98
\andhelp@=\toks17
\eqnshift@=\dimen106
\alignsep@=\dimen107
\tagshift@=\dimen108
\tagwidth@=\dimen109
\totwidth@=\dimen110
\lineht@=\dimen111
\@envbody=\toks18
\multlinegap=\skip44
\multlinetaggap=\skip45
\mathdisplay@stack=\toks19
LaTeX Info: Redefining \[ on input line 2666.
LaTeX Info: Redefining \] on input line 2667.
)
(/opt/local/share/texmf-texlive-dist/tex/latex/graphics/graphics.sty
Package: graphics 2009/02/05 v1.0o Standard LaTeX Graphics (DPC,SPQR)

(/opt/local/share/texmf-texlive-dist/tex/latex/graphics/trig.sty
Package: trig 1999/03/16 v1.09 sin cos tan (DPC)
)
(/opt/local/share/texmf-texlive-dist/tex/latex/latexconfig/graphics.cfg
File: graphics.cfg 2009/08/28 v1.8 graphics configuration of TeX Live
)
Package graphics Info: Driver file: pdftex.def on input line 91.

(/opt/local/share/texmf-texlive-dist/tex/latex/pdftex-def/pdftex.def
File: pdftex.def 2009/08/25 v0.04m Graphics/color for pdfTeX
\Gread@gobject=\count99
))
(/opt/local/share/texmf-texlive-dist/tex/latex/graphics/graphicx.sty
Package: graphicx 1999/02/16 v1.0f Enhanced LaTeX Graphics (DPC,SPQR)

(/opt/local/share/texmf-texlive-dist/tex/latex/graphics/keyval.sty
Package: keyval 1999/03/16 v1.13 key=value parser (DPC)
\KV@toks@=\toks20
)
\Gin@req@height=\dimen112
\Gin@req@width=\dimen113
)
(/opt/local/share/texmf-texlive-dist/tex/latex/graphics/color.sty
Package: color 2005/11/14 v1.0j Standard LaTeX Color (DPC)

(/opt/local/share/texmf-texlive-dist/tex/latex/latexconfig/color.cfg
File: color.cfg 2007/01/18 v1.5 color configuration of teTeX/TeXLive
)
Package color Info: Driver file: pdftex.def on input line 130.
)
(/opt/local/share/texmf-texlive-dist/tex/latex/tools/longtable.sty
Package: longtable 2004/02/01 v4.11 Multi-page Table package (DPC)
\LTleft=\skip46
\LTright=\skip47
\LTpre=\skip48
\LTpost=\skip49
\LTchunksize=\count100
\LTcapwidth=\dimen114
\LT@head=\box28
\LT@firsthead=\box29
\LT@foot=\box30
\LT@lastfoot=\box31
\LT@cols=\count101
\LT@rows=\count102
\c@LT@tables=\count103
\c@LT@chunks=\count104
\LT@p@ftn=\toks21
)
(/opt/local/share/texmf-texlive-dist/tex/latex/cite/cite.sty
LaTeX Info: Redefining \cite on input line 285.
LaTeX Info: Redefining \nocite on input line 356.
Package: cite 2009/08/29  v 5.2
)
(/opt/local/share/texmf-texlive-dist/tex/latex/amscls/amsthm.sty
Package: amsthm 2004/08/06 v2.20
\thm@style=\toks22
\thm@bodyfont=\toks23
\thm@headfont=\toks24
\thm@notefont=\toks25
\thm@headpunct=\toks26
\thm@preskip=\skip50
\thm@postskip=\skip51
\thm@headsep=\skip52
\dth@everypar=\toks27
)
(/opt/local/share/texmf-texlive-dist/tex/latex/psnfss/times.sty
Package: times 2005/04/12 PSNFSS-v9.2a (SPQR) 
)
(/opt/local/share/texmf-texlive-dist/tex/latex/graphics/epsfig.sty
Package: epsfig 1999/02/16 v1.7a (e)psfig emulation (SPQR)
\epsfxsize=\dimen115
\epsfysize=\dimen116
)
\c@theorem=\count105

(./counting-5.aux)
\openout1 = `counting-5.aux'.

LaTeX Font Info:    Checking defaults for OML/cmm/m/it on input line 68.
LaTeX Font Info:    ... okay on input line 68.
LaTeX Font Info:    Checking defaults for T1/cmr/m/n on input line 68.
LaTeX Font Info:    ... okay on input line 68.
LaTeX Font Info:    Checking defaults for OT1/cmr/m/n on input line 68.
LaTeX Font Info:    ... okay on input line 68.
LaTeX Font Info:    Checking defaults for OMS/cmsy/m/n on input line 68.
LaTeX Font Info:    ... okay on input line 68.
LaTeX Font Info:    Checking defaults for OMX/cmex/m/n on input line 68.
LaTeX Font Info:    ... okay on input line 68.
LaTeX Font Info:    Checking defaults for U/cmr/m/n on input line 68.
LaTeX Font Info:    ... okay on input line 68.
LaTeX Font Info:    Try loading font information for OT1+ptm on input line 68.

(/opt/local/share/texmf-texlive-dist/tex/latex/psnfss/ot1ptm.fd
File: ot1ptm.fd 2001/06/04 font definitions for OT1/ptm.
)
(/opt/local/share/texmf-texlive-dist/tex/context/base/supp-pdf.mkii
[Loading MPS to PDF converter (version 2006.09.02).]
\scratchcounter=\count106
\scratchdimen=\dimen117
\scratchbox=\box32
\nofMPsegments=\count107
\nofMParguments=\count108
\everyMPshowfont=\toks28
\MPscratchCnt=\count109
\MPscratchDim=\dimen118
\MPnumerator=\count110
\everyMPtoPDFconversion=\toks29
)
LaTeX Font Info:    Try loading font information for U+msa on input line 69.
 (/opt/local/share/texmf-texlive-dist/tex/latex/amsfonts/umsa.fd
File: umsa.fd 2009/06/22 v3.00 AMS symbols A
)
LaTeX Font Info:    Try loading font information for U+msb on input line 69.

(/opt/local/share/texmf-texlive-dist/tex/latex/amsfonts/umsb.fd
File: umsb.fd 2009/06/22 v3.00 AMS symbols B
)
LaTeX Font Info:    Font shape `OT1/ptm/bx/n' in size <10.95> not available
(Font)              Font shape `OT1/ptm/b/n' tried instead on input line 71.
LaTeX Font Info:    Font shape `OT1/ptm/bx/n' in size <17.28> not available
(Font)              Font shape `OT1/ptm/b/n' tried instead on input line 105.
 [1

{/opt/local/var/db/texmf/fonts/map/pdftex/updmap/pdftex.map}]
LaTeX Font Info:    Font shape `OT1/ptm/bx/n' in size <12> not available
(Font)              Font shape `OT1/ptm/b/n' tried instead on input line 139.
 [2] [3]
<pappus.pdf, id=26, 356.52206pt x 196.42775pt>
File: pappus.pdf Graphic file (type pdf)
 <use pappus.pdf> [4 <./pappus.pdf>] [5] [6] [7] [8]
Underfull \vbox (badness 10000) detected at line 391
 []

[9]
Underfull \vbox (badness 10000) detected at line 429
 []

[10] [11] [12]
Overfull \hbox (20.70506pt too wide) in paragraph at lines 526--527
\OML/cmm/m/it/12 T \OT1/cmr/m/n/12 =$\OT1/ptm/m/n/12 ``arrangements where two l
ines are equal and the other two are generic'', $\OML/cmm/m/it/12 D \OT1/cmr/m/
n/12 =$\OT1/ptm/m/n/12 ``arrangements
 []

[13] <4-8lines.pdf, id=68, 127.97108pt x 194.34314pt>
File: 4-8lines.pdf Graphic file (type pdf)
 <use 4-8lines.pdf>
<4-7lines.pdf, id=69, 131.26917pt x 200.20352pt>
File: 4-7lines.pdf Graphic file (type pdf)
 <use 4-7lines.pdf>
<4-6lines.pdf, id=70, 118.27821pt x 197.7668pt>
File: 4-6lines.pdf Graphic file (type pdf)
 <use 4-6lines.pdf>
<braid.pdf, id=71, 283.85516pt x 256.60507pt>
File: braid.pdf Graphic file (type pdf)
 <use braid.pdf> [14] [15 <./4-8lines.pdf> <./4-7lines.pdf> <./4-6lines.pdf> <.
/braid.pdf>] [16] [17] [18]
[19]
Overfull \hbox (8.02469pt too wide) in paragraph at lines 876--879
[]\OT1/ptm/m/n/12 As a first step we de-ter-mine the co-ho-mol-ogy class $\OT1/
cmr/m/n/12 [\OML/cmm/m/it/12 Z\OT1/cmr/m/n/12 ] \OMS/cmsy/m/n/12 2 \OML/cmm/m/i
t/12 H[]\OT1/cmr/m/n/12 (\U/msb/m/n/12 G\OT1/cmr/m/n/12 (\OML/cmm/m/it/12 d; n\
OT1/cmr/m/n/12 ) \OMS/cmsy/m/n/12 ^^B
 []

[20] [21] (./counting-5.bbl
Underfull \hbox (badness 6608) in paragraph at lines 21--25
[]\OT1/ptm/m/n/12 David Eisen-bud and Joe Har-ris.  \OT1/ptm/m/it/12 3264 and a
ll that\OT1/ptm/m/n/12 .  Avail-able at
 []

[22]
Underfull \hbox (badness 1292) in paragraph at lines 44--51
[]\OT1/ptm/m/n/12 Letterio Gatto.  \OT1/ptm/m/it/12 Schu-bert cal-cu-lus: an al
-ge-braic in-tro-duc-tion\OT1/ptm/m/n/12 .  Publica[][]oes
 []

LaTeX Font Info:    Try loading font information for OT1+pcr on input line 65.
(/opt/local/share/texmf-texlive-dist/tex/latex/psnfss/ot1pcr.fd
File: ot1pcr.fd 2001/06/04 font definitions for OT1/pcr.
)
Underfull \hbox (badness 10000) in paragraph at lines 63--67
[]\OT1/ptm/m/n/12 Allen Hatcher.  Vec-tor bun-dles and K-theory.  Avail-able on
-line at
 []

[23] [24]
Missing character: There is no â in font ptmri7t!
Missing character: There is no € in font ptmri7t!
Missing character: There is no ” in font ptmri7t!
) [25] (./counting-5.aux) ) 
Here is how much of TeX's memory you used:
 2367 strings out of 495061
 28763 string characters out of 3181965
 97516 words of memory out of 3000000
 5508 multiletter control sequences out of 15000+200000
 33359 words of font info for 80 fonts, out of 3000000 for 9000
 28 hyphenation exceptions out of 8191
 29i,13n,24p,1373b,314s stack positions out of 5000i,500n,10000p,200000b,50000s
{/opt/local/share/texmf-texlive-dist/fonts/enc/dvips
/base/8r.enc}</opt/local/share/texmf-texlive-dist/fonts/type1/public/amsfonts/c
m/cmex10.pfb></opt/local/share/texmf-texlive-dist/fonts/type1/public/amsfonts/c
m/cmmi10.pfb></opt/local/share/texmf-texlive-dist/fonts/type1/public/amsfonts/c
m/cmmi12.pfb></opt/local/share/texmf-texlive-dist/fonts/type1/public/amsfonts/c
m/cmmi6.pfb></opt/local/share/texmf-texlive-dist/fonts/type1/public/amsfonts/cm
/cmmi8.pfb></opt/local/share/texmf-texlive-dist/fonts/type1/public/amsfonts/cm/
cmr10.pfb></opt/local/share/texmf-texlive-dist/fonts/type1/public/amsfonts/cm/c
mr12.pfb></opt/local/share/texmf-texlive-dist/fonts/type1/public/amsfonts/cm/cm
r6.pfb></opt/local/share/texmf-texlive-dist/fonts/type1/public/amsfonts/cm/cmr8
.pfb></opt/local/share/texmf-texlive-dist/fonts/type1/public/amsfonts/cm/cmsy10
.pfb></opt/local/share/texmf-texlive-dist/fonts/type1/public/amsfonts/cm/cmsy6.
pfb></opt/local/share/texmf-texlive-dist/fonts/type1/public/amsfonts/cm/cmsy7.p
fb></opt/local/share/texmf-texlive-dist/fonts/type1/public/amsfonts/cm/cmsy8.pf
b></opt/local/share/texmf-texlive-dist/fonts/type1/public/amsfonts/symbols/msbm
10.pfb></opt/local/share/texmf-texlive-dist/fonts/type1/urw/courier/ucrr8a.pfb>
</opt/local/share/texmf-texlive-dist/fonts/type1/urw/times/utmb8a.pfb></opt/loc
al/share/texmf-texlive-dist/fonts/type1/urw/times/utmr8a.pfb></opt/local/share/
texmf-texlive-dist/fonts/type1/urw/times/utmri8a.pfb>
Output written on counting-5.pdf (25 pages, 353560 bytes).
PDF statistics:
 196 PDF objects out of 1000 (max. 8388607)
 0 named destinations out of 1000 (max. 500000)
 26 words of extra memory for PDF output out of 10000 (max. 10000000)

